<?xml version="1.0" encoding="UTF-8"?>
<coverage generated="1601401439312" clover="3.2.0">
  <project timestamp="1601401439312" name="All files">
    <metrics statements="32" coveredstatements="32" conditionals="10" coveredconditionals="10" methods="17" coveredmethods="13" elements="59" coveredelements="55" complexity="0" loc="32" ncloc="32" packages="2" files="7" classes="7"/>
    <package name="src.components">
      <metrics statements="31" coveredstatements="31" conditionals="10" coveredconditionals="10" methods="17" coveredmethods="13"/>
      <file name="AddButton.jsx" path="/home/aseracuse/Documents/galvanize/FEC/Product-Detail/src/components/AddButton.jsx">
        <metrics statements="1" coveredstatements="1" conditionals="0" coveredconditionals="0" methods="1" coveredmethods="1"/>
        <line num="6" count="1" type="stmt"/>
      </file>
      <file name="AddToCart.jsx" path="/home/aseracuse/Documents/galvanize/FEC/Product-Detail/src/components/AddToCart.jsx">
        <metrics statements="3" coveredstatements="3" conditionals="0" coveredconditionals="0" methods="1" coveredmethods="1"/>
        <line num="6" count="3" type="stmt"/>
        <line num="7" count="3" type="stmt"/>
        <line num="9" count="3" type="stmt"/>
      </file>
      <file name="QuantitySelector.jsx" path="/home/aseracuse/Documents/galvanize/FEC/Product-Detail/src/components/QuantitySelector.jsx">
        <metrics statements="9" coveredstatements="9" conditionals="4" coveredconditionals="4" methods="5" coveredmethods="3"/>
        <line num="10" count="4" type="stmt"/>
        <line num="11" count="4" type="stmt"/>
        <line num="12" count="4" type="cond" truecount="2" falsecount="0"/>
        <line num="13" count="54" type="stmt"/>
        <line num="16" count="4" type="stmt"/>
        <line num="17" count="4" type="cond" truecount="2" falsecount="0"/>
        <line num="18" count="1" type="stmt"/>
        <line num="26" count="3" type="stmt"/>
        <line num="32" count="39" type="stmt"/>
      </file>
      <file name="Review.jsx" path="/home/aseracuse/Documents/galvanize/FEC/Product-Detail/src/components/Review.jsx">
        <metrics statements="7" coveredstatements="7" conditionals="4" coveredconditionals="4" methods="1" coveredmethods="1"/>
        <line num="5" count="5" type="stmt"/>
        <line num="6" count="5" type="stmt"/>
        <line num="7" count="5" type="stmt"/>
        <line num="8" count="25" type="stmt"/>
        <line num="9" count="25" type="stmt"/>
        <line num="11" count="5" type="stmt"/>
        <line num="13" count="5" type="stmt"/>
      </file>
      <file name="SelectSize.jsx" path="/home/aseracuse/Documents/galvanize/FEC/Product-Detail/src/components/SelectSize.jsx">
        <metrics statements="6" coveredstatements="6" conditionals="2" coveredconditionals="2" methods="5" coveredmethods="3"/>
        <line num="10" count="2" type="stmt"/>
        <line num="12" count="2" type="stmt"/>
        <line num="13" count="2" type="cond" truecount="2" falsecount="0"/>
        <line num="14" count="1" type="stmt"/>
        <line num="22" count="1" type="stmt"/>
        <line num="28" count="5" type="stmt"/>
      </file>
      <file name="StyleSelector.jsx" path="/home/aseracuse/Documents/galvanize/FEC/Product-Detail/src/components/StyleSelector.jsx">
        <metrics statements="5" coveredstatements="5" conditionals="0" coveredconditionals="0" methods="4" coveredmethods="4"/>
        <line num="6" count="1" type="stmt"/>
        <line num="14" count="8" type="stmt"/>
        <line num="16" count="8" type="stmt"/>
        <line num="19" count="48" type="stmt"/>
        <line num="29" count="1" type="stmt"/>
      </file>
    </package>
    <package name="tests">
      <metrics statements="1" coveredstatements="1" conditionals="0" coveredconditionals="0" methods="0" coveredmethods="0"/>
      <file name="dummyStyle.js" path="/home/aseracuse/Documents/galvanize/FEC/Product-Detail/tests/dummyStyle.js">
        <metrics statements="1" coveredstatements="1" conditionals="0" coveredconditionals="0" methods="0" coveredmethods="0"/>
        <line num="1" count="1" type="stmt"/>
      </file>
    </package>
  </project>
</coverage>
