{"/home/aseracuse/Documents/galvanize/FEC/Product-Detail/src/components/AddButton.jsx": {"path":"/home/aseracuse/Documents/galvanize/FEC/Product-Detail/src/components/AddButton.jsx","statementMap":{"0":{"start":{"line":6,"column":2},"end":{"line":8,"column":3}}},"fnMap":{"0":{"name":"AddButton","decl":{"start":{"line":4,"column":9},"end":{"line":4,"column":18}},"loc":{"start":{"line":4,"column":21},"end":{"line":9,"column":1}},"line":4}},"branchMap":{},"s":{"0":1},"f":{"0":1},"b":{},"_coverageSchema":"1a1c01bbd47fc00a2c39e90264f33305004495a9","hash":"ea3a92ad73798a8152fc386772da6851feec03b1"}
,"/home/aseracuse/Documents/galvanize/FEC/Product-Detail/src/components/AddToCart.jsx": {"path":"/home/aseracuse/Documents/galvanize/FEC/Product-Detail/src/components/AddToCart.jsx","statementMap":{"0":{"start":{"line":6,"column":42},"end":{"line":6,"column":56}},"1":{"start":{"line":7,"column":50},"end":{"line":7,"column":61}},"2":{"start":{"line":9,"column":2},"end":{"line":24,"column":4}}},"fnMap":{"0":{"name":"AddToCart","decl":{"start":{"line":5,"column":9},"end":{"line":5,"column":18}},"loc":{"start":{"line":5,"column":38},"end":{"line":25,"column":1}},"line":5}},"branchMap":{},"s":{"0":3,"1":3,"2":3},"f":{"0":3},"b":{},"_coverageSchema":"1a1c01bbd47fc00a2c39e90264f33305004495a9","hash":"44342a0e679336dd4402e338c7c197acbe0808dd"}
,"/home/aseracuse/Documents/galvanize/FEC/Product-Detail/src/components/QuantitySelector.jsx": {"path":"/home/aseracuse/Documents/galvanize/FEC/Product-Detail/src/components/QuantitySelector.jsx","statementMap":{"0":{"start":{"line":10,"column":42},"end":{"line":10,"column":57}},"1":{"start":{"line":11,"column":22},"end":{"line":11,"column":24}},"2":{"start":{"line":12,"column":2},"end":{"line":14,"column":3}},"3":{"start":{"line":12,"column":15},"end":{"line":12,"column":16}},"4":{"start":{"line":13,"column":4},"end":{"line":13,"column":26}},"5":{"start":{"line":16,"column":17},"end":{"line":16,"column":63}},"6":{"start":{"line":16,"column":23},"end":{"line":16,"column":63}},"7":{"start":{"line":16,"column":52},"end":{"line":16,"column":62}},"8":{"start":{"line":17,"column":2},"end":{"line":25,"column":3}},"9":{"start":{"line":18,"column":4},"end":{"line":24,"column":6}},"10":{"start":{"line":26,"column":2},"end":{"line":35,"column":4}},"11":{"start":{"line":32,"column":41},"end":{"line":32,"column":141}},"12":{"start":{"line":32,"column":70},"end":{"line":32,"column":99}}},"fnMap":{"0":{"name":"QuantitySelector","decl":{"start":{"line":9,"column":9},"end":{"line":9,"column":25}},"loc":{"start":{"line":9,"column":88},"end":{"line":36,"column":1}},"line":9},"1":{"name":"(anonymous_1)","decl":{"start":{"line":16,"column":17},"end":{"line":16,"column":18}},"loc":{"start":{"line":16,"column":23},"end":{"line":16,"column":63}},"line":16},"2":{"name":"(anonymous_2)","decl":{"start":{"line":16,"column":39},"end":{"line":16,"column":40}},"loc":{"start":{"line":16,"column":52},"end":{"line":16,"column":62}},"line":16},"3":{"name":"(anonymous_3)","decl":{"start":{"line":32,"column":27},"end":{"line":32,"column":28}},"loc":{"start":{"line":32,"column":41},"end":{"line":32,"column":141}},"line":32},"4":{"name":"(anonymous_4)","decl":{"start":{"line":32,"column":64},"end":{"line":32,"column":65}},"loc":{"start":{"line":32,"column":70},"end":{"line":32,"column":99}},"line":32}},"branchMap":{"0":{"loc":{"start":{"line":12,"column":24},"end":{"line":12,"column":71}},"type":"cond-expr","locations":[{"start":{"line":12,"column":49},"end":{"line":12,"column":66}},{"start":{"line":12,"column":69},"end":{"line":12,"column":71}}],"line":12},"1":{"loc":{"start":{"line":17,"column":2},"end":{"line":25,"column":3}},"type":"if","locations":[{"start":{"line":17,"column":2},"end":{"line":25,"column":3}},{"start":{"line":17,"column":2},"end":{"line":25,"column":3}}],"line":17}},"s":{"0":4,"1":4,"2":4,"3":4,"4":54,"5":4,"6":0,"7":0,"8":4,"9":1,"10":3,"11":39,"12":1},"f":{"0":4,"1":0,"2":0,"3":39,"4":1},"b":{"0":[10,48],"1":[1,3]},"_coverageSchema":"1a1c01bbd47fc00a2c39e90264f33305004495a9","hash":"45d482ea9325fd1d137e4e3e8a3f793b9ade3e49"}
,"/home/aseracuse/Documents/galvanize/FEC/Product-Detail/src/components/Review.jsx": {"path":"/home/aseracuse/Documents/galvanize/FEC/Product-Detail/src/components/Review.jsx","statementMap":{"0":{"start":{"line":5,"column":14},"end":{"line":5,"column":15}},"1":{"start":{"line":6,"column":22},"end":{"line":6,"column":23}},"2":{"start":{"line":7,"column":2},"end":{"line":10,"column":3}},"3":{"start":{"line":8,"column":4},"end":{"line":8,"column":46}},"4":{"start":{"line":9,"column":4},"end":{"line":9,"column":26}},"5":{"start":{"line":11,"column":20},"end":{"line":11,"column":41}},"6":{"start":{"line":13,"column":2},"end":{"line":23,"column":4}}},"fnMap":{"0":{"name":"Review","decl":{"start":{"line":4,"column":9},"end":{"line":4,"column":15}},"loc":{"start":{"line":4,"column":29},"end":{"line":24,"column":1}},"line":4}},"branchMap":{"0":{"loc":{"start":{"line":14,"column":20},"end":{"line":14,"column":58}},"type":"cond-expr","locations":[{"start":{"line":14,"column":41},"end":{"line":14,"column":53}},{"start":{"line":14,"column":56},"end":{"line":14,"column":58}}],"line":14},"1":{"loc":{"start":{"line":14,"column":20},"end":{"line":14,"column":38}},"type":"binary-expr","locations":[{"start":{"line":14,"column":20},"end":{"line":14,"column":31}},{"start":{"line":14,"column":35},"end":{"line":14,"column":38}}],"line":14}},"s":{"0":5,"1":5,"2":5,"3":25,"4":25,"5":5,"6":5},"f":{"0":5},"b":{"0":[1,4],"1":[5,4]},"_coverageSchema":"1a1c01bbd47fc00a2c39e90264f33305004495a9","hash":"137ecd04ae07099a675c550ba7ad8d3b01e0826f"}
,"/home/aseracuse/Documents/galvanize/FEC/Product-Detail/src/components/SelectSize.jsx": {"path":"/home/aseracuse/Documents/galvanize/FEC/Product-Detail/src/components/SelectSize.jsx","statementMap":{"0":{"start":{"line":10,"column":42},"end":{"line":10,"column":57}},"1":{"start":{"line":12,"column":17},"end":{"line":12,"column":63}},"2":{"start":{"line":12,"column":23},"end":{"line":12,"column":63}},"3":{"start":{"line":12,"column":52},"end":{"line":12,"column":62}},"4":{"start":{"line":13,"column":2},"end":{"line":21,"column":3}},"5":{"start":{"line":14,"column":4},"end":{"line":20,"column":6}},"6":{"start":{"line":22,"column":2},"end":{"line":31,"column":4}},"7":{"start":{"line":28,"column":41},"end":{"line":28,"column":125}},"8":{"start":{"line":28,"column":70},"end":{"line":28,"column":91}}},"fnMap":{"0":{"name":"SelectSize","decl":{"start":{"line":9,"column":9},"end":{"line":9,"column":19}},"loc":{"start":{"line":9,"column":47},"end":{"line":32,"column":1}},"line":9},"1":{"name":"(anonymous_1)","decl":{"start":{"line":12,"column":17},"end":{"line":12,"column":18}},"loc":{"start":{"line":12,"column":23},"end":{"line":12,"column":63}},"line":12},"2":{"name":"(anonymous_2)","decl":{"start":{"line":12,"column":39},"end":{"line":12,"column":40}},"loc":{"start":{"line":12,"column":52},"end":{"line":12,"column":62}},"line":12},"3":{"name":"(anonymous_3)","decl":{"start":{"line":28,"column":31},"end":{"line":28,"column":32}},"loc":{"start":{"line":28,"column":41},"end":{"line":28,"column":125}},"line":28},"4":{"name":"(anonymous_4)","decl":{"start":{"line":28,"column":64},"end":{"line":28,"column":65}},"loc":{"start":{"line":28,"column":70},"end":{"line":28,"column":91}},"line":28}},"branchMap":{"0":{"loc":{"start":{"line":13,"column":2},"end":{"line":21,"column":3}},"type":"if","locations":[{"start":{"line":13,"column":2},"end":{"line":21,"column":3}},{"start":{"line":13,"column":2},"end":{"line":21,"column":3}}],"line":13}},"s":{"0":2,"1":2,"2":0,"3":0,"4":2,"5":1,"6":1,"7":5,"8":1},"f":{"0":2,"1":0,"2":0,"3":5,"4":1},"b":{"0":[1,1]},"_coverageSchema":"1a1c01bbd47fc00a2c39e90264f33305004495a9","hash":"bbd8c770596c5dc719b2531fc42256c287b0036b"}
,"/home/aseracuse/Documents/galvanize/FEC/Product-Detail/src/components/StyleSelector.jsx": {"path":"/home/aseracuse/Documents/galvanize/FEC/Product-Detail/src/components/StyleSelector.jsx","statementMap":{"0":{"start":{"line":6,"column":18},"end":{"line":11,"column":3}},"1":{"start":{"line":6,"column":41},"end":{"line":11,"column":1}},"2":{"start":{"line":14,"column":18},"end":{"line":14,"column":29}},"3":{"start":{"line":16,"column":2},"end":{"line":38,"column":4}},"4":{"start":{"line":19,"column":8},"end":{"line":35,"column":10}},"5":{"start":{"line":29,"column":31},"end":{"line":29,"column":51}}},"fnMap":{"0":{"name":"(anonymous_0)","decl":{"start":{"line":6,"column":29},"end":{"line":6,"column":30}},"loc":{"start":{"line":6,"column":41},"end":{"line":11,"column":1}},"line":6},"1":{"name":"StyleSelector","decl":{"start":{"line":13,"column":9},"end":{"line":13,"column":22}},"loc":{"start":{"line":13,"column":62},"end":{"line":39,"column":1}},"line":13},"2":{"name":"(anonymous_2)","decl":{"start":{"line":18,"column":18},"end":{"line":18,"column":19}},"loc":{"start":{"line":18,"column":36},"end":{"line":36,"column":7}},"line":18},"3":{"name":"(anonymous_3)","decl":{"start":{"line":29,"column":25},"end":{"line":29,"column":26}},"loc":{"start":{"line":29,"column":31},"end":{"line":29,"column":51}},"line":29}},"branchMap":{},"s":{"0":1,"1":1,"2":8,"3":8,"4":48,"5":1},"f":{"0":1,"1":8,"2":48,"3":1},"b":{},"_coverageSchema":"1a1c01bbd47fc00a2c39e90264f33305004495a9","hash":"e01b8da6de4be4164afe993471bff89b1063131f"}
,"/home/aseracuse/Documents/galvanize/FEC/Product-Detail/tests/dummyStyle.js": {"path":"/home/aseracuse/Documents/galvanize/FEC/Product-Detail/tests/dummyStyle.js","statementMap":{"0":{"start":{"line":1,"column":18},"end":{"line":250,"column":1}}},"fnMap":{},"branchMap":{},"s":{"0":1},"f":{},"b":{},"_coverageSchema":"1a1c01bbd47fc00a2c39e90264f33305004495a9","hash":"86c8690f02c324c3db1f0b6b4d458b41745aa91c"}
}
