TN:
SF:src/components/AddButton.jsx
FN:4,AddButton
FNF:1
FNH:1
FNDA:1,AddButton
DA:6,1
LF:1
LH:1
BRF:0
BRH:0
end_of_record
TN:
SF:src/components/AddToCart.jsx
FN:5,AddToCart
FNF:1
FNH:1
FNDA:3,AddToCart
DA:6,3
DA:7,3
DA:9,3
LF:3
LH:3
BRF:0
BRH:0
end_of_record
TN:
SF:src/components/QuantitySelector.jsx
FN:9,QuantitySelector
FN:16,(anonymous_1)
FN:16,(anonymous_2)
FN:32,(anonymous_3)
FN:32,(anonymous_4)
FNF:5
FNH:3
FNDA:4,QuantitySelector
FNDA:0,(anonymous_1)
FNDA:0,(anonymous_2)
FNDA:39,(anonymous_3)
FNDA:1,(anonymous_4)
DA:10,4
DA:11,4
DA:12,4
DA:13,54
DA:16,4
DA:17,4
DA:18,1
DA:26,3
DA:32,39
LF:9
LH:9
BRDA:12,0,0,10
BRDA:12,0,1,48
BRDA:17,1,0,1
BRDA:17,1,1,3
BRF:4
BRH:4
end_of_record
TN:
SF:src/components/Review.jsx
FN:4,Review
FNF:1
FNH:1
FNDA:5,Review
DA:5,5
DA:6,5
DA:7,5
DA:8,25
DA:9,25
DA:11,5
DA:13,5
LF:7
LH:7
BRDA:14,0,0,1
BRDA:14,0,1,4
BRDA:14,1,0,5
BRDA:14,1,1,4
BRF:4
BRH:4
end_of_record
TN:
SF:src/components/SelectSize.jsx
FN:9,SelectSize
FN:12,(anonymous_1)
FN:12,(anonymous_2)
FN:28,(anonymous_3)
FN:28,(anonymous_4)
FNF:5
FNH:3
FNDA:2,SelectSize
FNDA:0,(anonymous_1)
FNDA:0,(anonymous_2)
FNDA:5,(anonymous_3)
FNDA:1,(anonymous_4)
DA:10,2
DA:12,2
DA:13,2
DA:14,1
DA:22,1
DA:28,5
LF:6
LH:6
BRDA:13,0,0,1
BRDA:13,0,1,1
BRF:2
BRH:2
end_of_record
TN:
SF:src/components/StyleSelector.jsx
FN:6,(anonymous_0)
FN:13,StyleSelector
FN:18,(anonymous_2)
FN:29,(anonymous_3)
FNF:4
FNH:4
FNDA:1,(anonymous_0)
FNDA:8,StyleSelector
FNDA:48,(anonymous_2)
FNDA:1,(anonymous_3)
DA:6,1
DA:14,8
DA:16,8
DA:19,48
DA:29,1
LF:5
LH:5
BRF:0
BRH:0
end_of_record
TN:
SF:tests/dummyStyle.js
FNF:0
FNH:0
DA:1,1
LF:1
LH:1
BRF:0
BRH:0
end_of_record
